C:\SCS\ZOMBIE\ZOMBIE\DEBUG\VC110.PDB
C:\SCS\ZOMBIE\ZOMBIE\DEBUG\SOURCE.OBJ
C:\SCS\ZOMBIE\DEBUG\ZOMBIE.ILK
C:\SCS\ZOMBIE\DEBUG\ZOMBIE.EXE
C:\SCS\ZOMBIE\DEBUG\ZOMBIE.PDB
C:\SCS\Zombie\Zombie\Debug\Source.obj
C:\SCS\Zombie\Zombie\Debug\cl.command.1.tlog
C:\SCS\Zombie\Zombie\Debug\CL.read.1.tlog
C:\SCS\Zombie\Zombie\Debug\CL.write.1.tlog
C:\SCS\Zombie\Zombie\Debug\link-cvtres.read.1.tlog
C:\SCS\Zombie\Zombie\Debug\link-cvtres.write.1.tlog
C:\SCS\Zombie\Zombie\Debug\link-rc.read.1.tlog
C:\SCS\Zombie\Zombie\Debug\link-rc.write.1.tlog
C:\SCS\Zombie\Zombie\Debug\link.10140-cvtres.read.1.tlog
C:\SCS\Zombie\Zombie\Debug\link.10140-cvtres.write.1.tlog
C:\SCS\Zombie\Zombie\Debug\link.10140-rc.read.1.tlog
C:\SCS\Zombie\Zombie\Debug\link.10140-rc.write.1.tlog
C:\SCS\Zombie\Zombie\Debug\link.10140.read.1.tlog
C:\SCS\Zombie\Zombie\Debug\link.10140.write.1.tlog
C:\SCS\Zombie\Zombie\Debug\link.10292-cvtres.read.1.tlog
C:\SCS\Zombie\Zombie\Debug\link.10292-cvtres.write.1.tlog
C:\SCS\Zombie\Zombie\Debug\link.10292-rc.read.1.tlog
C:\SCS\Zombie\Zombie\Debug\link.10292-rc.write.1.tlog
C:\SCS\Zombie\Zombie\Debug\link.10292.read.1.tlog
C:\SCS\Zombie\Zombie\Debug\link.10292.write.1.tlog
C:\SCS\Zombie\Zombie\Debug\link.10992-cvtres.read.1.tlog
C:\SCS\Zombie\Zombie\Debug\link.10992-cvtres.write.1.tlog
C:\SCS\Zombie\Zombie\Debug\link.10992-rc.read.1.tlog
C:\SCS\Zombie\Zombie\Debug\link.10992-rc.write.1.tlog
C:\SCS\Zombie\Zombie\Debug\link.10992.read.1.tlog
C:\SCS\Zombie\Zombie\Debug\link.10992.write.1.tlog
C:\SCS\Zombie\Zombie\Debug\link.12016-cvtres.read.1.tlog
C:\SCS\Zombie\Zombie\Debug\link.12016-cvtres.write.1.tlog
C:\SCS\Zombie\Zombie\Debug\link.12016-rc.read.1.tlog
C:\SCS\Zombie\Zombie\Debug\link.12016-rc.write.1.tlog
C:\SCS\Zombie\Zombie\Debug\link.12016.read.1.tlog
C:\SCS\Zombie\Zombie\Debug\link.12016.write.1.tlog
C:\SCS\Zombie\Zombie\Debug\link.12084-cvtres.read.1.tlog
C:\SCS\Zombie\Zombie\Debug\link.12084-cvtres.write.1.tlog
C:\SCS\Zombie\Zombie\Debug\link.12084-rc.read.1.tlog
C:\SCS\Zombie\Zombie\Debug\link.12084-rc.write.1.tlog
C:\SCS\Zombie\Zombie\Debug\link.12084.read.1.tlog
C:\SCS\Zombie\Zombie\Debug\link.12084.write.1.tlog
C:\SCS\Zombie\Zombie\Debug\link.14044-cvtres.read.1.tlog
C:\SCS\Zombie\Zombie\Debug\link.14044-cvtres.write.1.tlog
C:\SCS\Zombie\Zombie\Debug\link.14044-rc.read.1.tlog
C:\SCS\Zombie\Zombie\Debug\link.14044-rc.write.1.tlog
C:\SCS\Zombie\Zombie\Debug\link.14044.read.1.tlog
C:\SCS\Zombie\Zombie\Debug\link.14044.write.1.tlog
C:\SCS\Zombie\Zombie\Debug\link.15700-cvtres.read.1.tlog
C:\SCS\Zombie\Zombie\Debug\link.15700-cvtres.write.1.tlog
C:\SCS\Zombie\Zombie\Debug\link.15700-rc.read.1.tlog
C:\SCS\Zombie\Zombie\Debug\link.15700-rc.write.1.tlog
C:\SCS\Zombie\Zombie\Debug\link.15700.read.1.tlog
C:\SCS\Zombie\Zombie\Debug\link.15700.write.1.tlog
C:\SCS\Zombie\Zombie\Debug\link.1584-cvtres.read.1.tlog
C:\SCS\Zombie\Zombie\Debug\link.1584-cvtres.write.1.tlog
C:\SCS\Zombie\Zombie\Debug\link.1584-rc.read.1.tlog
C:\SCS\Zombie\Zombie\Debug\link.1584-rc.write.1.tlog
C:\SCS\Zombie\Zombie\Debug\link.1584.read.1.tlog
C:\SCS\Zombie\Zombie\Debug\link.1584.write.1.tlog
C:\SCS\Zombie\Zombie\Debug\link.16792-cvtres.read.1.tlog
C:\SCS\Zombie\Zombie\Debug\link.16792-cvtres.write.1.tlog
C:\SCS\Zombie\Zombie\Debug\link.16792-rc.read.1.tlog
C:\SCS\Zombie\Zombie\Debug\link.16792-rc.write.1.tlog
C:\SCS\Zombie\Zombie\Debug\link.16792.read.1.tlog
C:\SCS\Zombie\Zombie\Debug\link.16792.write.1.tlog
C:\SCS\Zombie\Zombie\Debug\link.18668-cvtres.read.1.tlog
C:\SCS\Zombie\Zombie\Debug\link.18668-cvtres.write.1.tlog
C:\SCS\Zombie\Zombie\Debug\link.18668-rc.read.1.tlog
C:\SCS\Zombie\Zombie\Debug\link.18668-rc.write.1.tlog
C:\SCS\Zombie\Zombie\Debug\link.18668.read.1.tlog
C:\SCS\Zombie\Zombie\Debug\link.18668.write.1.tlog
C:\SCS\Zombie\Zombie\Debug\link.18764-cvtres.read.1.tlog
C:\SCS\Zombie\Zombie\Debug\link.18764-cvtres.write.1.tlog
C:\SCS\Zombie\Zombie\Debug\link.18764-rc.read.1.tlog
C:\SCS\Zombie\Zombie\Debug\link.18764-rc.write.1.tlog
C:\SCS\Zombie\Zombie\Debug\link.18764.read.1.tlog
C:\SCS\Zombie\Zombie\Debug\link.18764.write.1.tlog
C:\SCS\Zombie\Zombie\Debug\link.18800-cvtres.read.1.tlog
C:\SCS\Zombie\Zombie\Debug\link.18800-cvtres.write.1.tlog
C:\SCS\Zombie\Zombie\Debug\link.18800-rc.read.1.tlog
C:\SCS\Zombie\Zombie\Debug\link.18800-rc.write.1.tlog
C:\SCS\Zombie\Zombie\Debug\link.18800.read.1.tlog
C:\SCS\Zombie\Zombie\Debug\link.18800.write.1.tlog
C:\SCS\Zombie\Zombie\Debug\link.18900-cvtres.read.1.tlog
C:\SCS\Zombie\Zombie\Debug\link.18900-cvtres.write.1.tlog
C:\SCS\Zombie\Zombie\Debug\link.18900-rc.read.1.tlog
C:\SCS\Zombie\Zombie\Debug\link.18900-rc.write.1.tlog
C:\SCS\Zombie\Zombie\Debug\link.18900.read.1.tlog
C:\SCS\Zombie\Zombie\Debug\link.18900.write.1.tlog
C:\SCS\Zombie\Zombie\Debug\link.19292-cvtres.read.1.tlog
C:\SCS\Zombie\Zombie\Debug\link.19292-cvtres.write.1.tlog
C:\SCS\Zombie\Zombie\Debug\link.19292-rc.read.1.tlog
C:\SCS\Zombie\Zombie\Debug\link.19292-rc.write.1.tlog
C:\SCS\Zombie\Zombie\Debug\link.19292.read.1.tlog
C:\SCS\Zombie\Zombie\Debug\link.19292.write.1.tlog
C:\SCS\Zombie\Zombie\Debug\link.2640-cvtres.read.1.tlog
C:\SCS\Zombie\Zombie\Debug\link.2640-cvtres.write.1.tlog
C:\SCS\Zombie\Zombie\Debug\link.2640-rc.read.1.tlog
C:\SCS\Zombie\Zombie\Debug\link.2640-rc.write.1.tlog
C:\SCS\Zombie\Zombie\Debug\link.2640.read.1.tlog
C:\SCS\Zombie\Zombie\Debug\link.2640.write.1.tlog
C:\SCS\Zombie\Zombie\Debug\link.2960-cvtres.read.1.tlog
C:\SCS\Zombie\Zombie\Debug\link.2960-cvtres.write.1.tlog
C:\SCS\Zombie\Zombie\Debug\link.2960-rc.read.1.tlog
C:\SCS\Zombie\Zombie\Debug\link.2960-rc.write.1.tlog
C:\SCS\Zombie\Zombie\Debug\link.2960.read.1.tlog
C:\SCS\Zombie\Zombie\Debug\link.2960.write.1.tlog
C:\SCS\Zombie\Zombie\Debug\link.360-cvtres.read.1.tlog
C:\SCS\Zombie\Zombie\Debug\link.360-cvtres.write.1.tlog
C:\SCS\Zombie\Zombie\Debug\link.360-rc.read.1.tlog
C:\SCS\Zombie\Zombie\Debug\link.360-rc.write.1.tlog
C:\SCS\Zombie\Zombie\Debug\link.360.read.1.tlog
C:\SCS\Zombie\Zombie\Debug\link.360.write.1.tlog
C:\SCS\Zombie\Zombie\Debug\link.6000-cvtres.read.1.tlog
C:\SCS\Zombie\Zombie\Debug\link.6000-cvtres.write.1.tlog
C:\SCS\Zombie\Zombie\Debug\link.6000-rc.read.1.tlog
C:\SCS\Zombie\Zombie\Debug\link.6000-rc.write.1.tlog
C:\SCS\Zombie\Zombie\Debug\link.6000.read.1.tlog
C:\SCS\Zombie\Zombie\Debug\link.6000.write.1.tlog
C:\SCS\Zombie\Zombie\Debug\link.6616-cvtres.read.1.tlog
C:\SCS\Zombie\Zombie\Debug\link.6616-cvtres.write.1.tlog
C:\SCS\Zombie\Zombie\Debug\link.6616-rc.read.1.tlog
C:\SCS\Zombie\Zombie\Debug\link.6616-rc.write.1.tlog
C:\SCS\Zombie\Zombie\Debug\link.6616.read.1.tlog
C:\SCS\Zombie\Zombie\Debug\link.6616.write.1.tlog
C:\SCS\Zombie\Zombie\Debug\link.7456-cvtres.read.1.tlog
C:\SCS\Zombie\Zombie\Debug\link.7456-cvtres.write.1.tlog
C:\SCS\Zombie\Zombie\Debug\link.7456-rc.read.1.tlog
C:\SCS\Zombie\Zombie\Debug\link.7456-rc.write.1.tlog
C:\SCS\Zombie\Zombie\Debug\link.7456.read.1.tlog
C:\SCS\Zombie\Zombie\Debug\link.7456.write.1.tlog
C:\SCS\Zombie\Zombie\Debug\link.command.1.tlog
C:\SCS\Zombie\Zombie\Debug\link.read.1.tlog
C:\SCS\Zombie\Zombie\Debug\link.write.1.tlog
C:\SCS\Zombie\Zombie\Debug\vc110.idb
C:\SCS\Zombie\Zombie\Debug\vc110.pdb
C:\SCS\Zombie\Debug\Zombie.pdb
C:\SCS\Zombie\Debug\Zombie.exe
C:\SCS\Zombie\Debug\Zombie.ilk
